[debug] [2022-07-11T21:42:32.569Z] ----------------------------------------------------------------------
[debug] [2022-07-11T21:42:32.570Z] Command:       /Users/jdcorral/.nvm/versions/node/v16.13.0/bin/node /Users/jdcorral/.nvm/versions/node/v16.13.0/bin/firebase deploy
[debug] [2022-07-11T21:42:32.570Z] CLI Version:   11.2.0
[debug] [2022-07-11T21:42:32.570Z] Platform:      darwin
[debug] [2022-07-11T21:42:32.570Z] Node Version:  v16.13.0
[debug] [2022-07-11T21:42:32.573Z] Time:          Mon Jul 11 2022 14:42:32 GMT-0700 (Pacific Daylight Time)
[debug] [2022-07-11T21:42:32.573Z] ----------------------------------------------------------------------
[debug] 
[debug] [2022-07-11T21:42:32.574Z] >>> [apiv2][query] GET https://firebase-public.firebaseio.com/cli.json [none]
[debug] [2022-07-11T21:42:32.609Z] > command requires scopes: ["email","openid","https://www.googleapis.com/auth/cloudplatformprojects.readonly","https://www.googleapis.com/auth/firebase","https://www.googleapis.com/auth/cloud-platform"]
[debug] [2022-07-11T21:42:32.609Z] > authorizing via signed-in user (jdcorral0423@gmail.com)
[debug] [2022-07-11T21:42:32.610Z] [iam] checking project wordle-assistant-c6181 for permissions ["firebase.projects.get","firebasehosting.sites.update"]
[debug] [2022-07-11T21:42:32.610Z] > refreshing access token with scopes: []
[debug] [2022-07-11T21:42:32.610Z] >>> [apiv2][query] POST https://www.googleapis.com/oauth2/v3/token [none]
[debug] [2022-07-11T21:42:32.610Z] >>> [apiv2][body] POST https://www.googleapis.com/oauth2/v3/token [omitted]
[debug] [2022-07-11T21:42:32.702Z] <<< [apiv2][status] POST https://www.googleapis.com/oauth2/v3/token 200
[debug] [2022-07-11T21:42:32.702Z] <<< [apiv2][body] POST https://www.googleapis.com/oauth2/v3/token [omitted]
[debug] [2022-07-11T21:42:32.744Z] >>> [apiv2][query] POST https://cloudresourcemanager.googleapis.com/v1/projects/wordle-assistant-c6181:testIamPermissions [none]
[debug] [2022-07-11T21:42:32.745Z] >>> [apiv2][body] POST https://cloudresourcemanager.googleapis.com/v1/projects/wordle-assistant-c6181:testIamPermissions {"permissions":["firebase.projects.get","firebasehosting.sites.update"]}
[debug] [2022-07-11T21:42:32.803Z] <<< [apiv2][status] GET https://firebase-public.firebaseio.com/cli.json 200
[debug] [2022-07-11T21:42:32.803Z] <<< [apiv2][body] GET https://firebase-public.firebaseio.com/cli.json {"cloudBuildErrorAfter":1594252800000,"cloudBuildWarnAfter":1590019200000,"defaultNode10After":1594252800000,"minVersion":"3.0.5","node8DeploysDisabledAfter":1613390400000,"node8RuntimeDisabledAfter":1615809600000,"node8WarnAfter":1600128000000}
[debug] [2022-07-11T21:42:32.848Z] <<< [apiv2][status] POST https://cloudresourcemanager.googleapis.com/v1/projects/wordle-assistant-c6181:testIamPermissions 200
[debug] [2022-07-11T21:42:32.848Z] <<< [apiv2][body] POST https://cloudresourcemanager.googleapis.com/v1/projects/wordle-assistant-c6181:testIamPermissions {"permissions":["firebase.projects.get","firebasehosting.sites.update"]}
[debug] [2022-07-11T21:42:32.849Z] >>> [apiv2][query] GET https://firebase.googleapis.com/v1beta1/projects/wordle-assistant-c6181 [none]
[debug] [2022-07-11T21:42:33.015Z] <<< [apiv2][status] GET https://firebase.googleapis.com/v1beta1/projects/wordle-assistant-c6181 200
[debug] [2022-07-11T21:42:33.015Z] <<< [apiv2][body] GET https://firebase.googleapis.com/v1beta1/projects/wordle-assistant-c6181 {"projectId":"wordle-assistant-c6181","projectNumber":"942400658888","displayName":"Wordle Assistant","name":"projects/wordle-assistant-c6181","resources":{"hostingSite":"wordle-assistant-c6181"},"state":"ACTIVE"}
[info] 
[info] === Deploying to 'wordle-assistant-c6181'...
[info] 
[info] i  deploying hosting 
[debug] [2022-07-11T21:42:33.016Z] >>> [apiv2][query] GET https://firebase.googleapis.com/v1beta1/projects/wordle-assistant-c6181 [none]
[debug] [2022-07-11T21:42:33.256Z] <<< [apiv2][status] GET https://firebase.googleapis.com/v1beta1/projects/wordle-assistant-c6181 200
[debug] [2022-07-11T21:42:33.256Z] <<< [apiv2][body] GET https://firebase.googleapis.com/v1beta1/projects/wordle-assistant-c6181 {"projectId":"wordle-assistant-c6181","projectNumber":"942400658888","displayName":"Wordle Assistant","name":"projects/wordle-assistant-c6181","resources":{"hostingSite":"wordle-assistant-c6181"},"state":"ACTIVE"}
[debug] [2022-07-11T21:42:33.258Z] >>> [apiv2][query] POST https://firebasehosting.googleapis.com/v1beta1/projects/942400658888/sites/wordle-assistant-c6181/versions [none]
[debug] [2022-07-11T21:42:33.259Z] >>> [apiv2][body] POST https://firebasehosting.googleapis.com/v1beta1/projects/942400658888/sites/wordle-assistant-c6181/versions {"config":{"rewrites":[{"glob":"**","path":"/index.html"}]},"labels":{"deployment-tool":"cli-firebase"}}
[debug] [2022-07-11T21:42:33.804Z] <<< [apiv2][status] POST https://firebasehosting.googleapis.com/v1beta1/projects/942400658888/sites/wordle-assistant-c6181/versions 200
[debug] [2022-07-11T21:42:33.804Z] <<< [apiv2][body] POST https://firebasehosting.googleapis.com/v1beta1/projects/942400658888/sites/wordle-assistant-c6181/versions {"name":"projects/942400658888/sites/wordle-assistant-c6181/versions/291fd21acaf60475","status":"CREATED","config":{"rewrites":[{"glob":"**","path":"/index.html"}]},"labels":{"deployment-tool":"cli-firebase"}}
[info] i  hosting[wordle-assistant-c6181]: beginning deploy... 
[info] i  hosting[wordle-assistant-c6181]: found 4 files in dist 
[debug] [2022-07-11T21:42:33.812Z] [hosting] uploading with 200 concurrency
[debug] [2022-07-11T21:42:33.911Z] [hosting] hash cache [ZGlzdA] stored for 4 files
[debug] [2022-07-11T21:42:33.911Z] [hosting][hash queue][FINAL] {"max":95,"min":0,"avg":25.25,"active":0,"complete":4,"success":4,"errored":0,"retried":0,"total":4,"elapsed":97}
[debug] [2022-07-11T21:42:33.911Z] >>> [apiv2][query] POST https://firebasehosting.googleapis.com/v1beta1/projects/942400658888/sites/wordle-assistant-c6181/versions/291fd21acaf60475:populateFiles [none]
[debug] [2022-07-11T21:42:33.911Z] >>> [apiv2][body] POST https://firebasehosting.googleapis.com/v1beta1/projects/942400658888/sites/wordle-assistant-c6181/versions/291fd21acaf60475:populateFiles {"files":{"/bundle.js":"9ebfd20a493f93b4973d6c7a3bf3969742fb6c147eff24589d2e3bf6721c305a","/index.html":"ec994505c5eb2b2a65975c0336af41207f6baf7587b89b844c05909c50ae53f2","/styles.css":"81b24d05ffe4317f3720b5dd298ef4713855f96e5be70eb81b86e8c904b2e273","/app.js":"9e9841e18fd14d246f6414ab30d3c7df88d9f558e38a647c99ac86b3d938e6ad"}}
